This file contains any messages produced by compilers while
running configure, to aid debugging if configure makes a mistake.

It was created by pdstring configure 0.10-2, which was
generated by GNU Autoconf 2.61.  Invocation command line was

  $ ./configure 

## --------- ##
## Platform. ##
## --------- ##

hostname = yuli-mac-mini-2
uname -m = x86_64
uname -r = 13.3.0
uname -s = Darwin
uname -v = Darwin Kernel Version 13.3.0: Tue Jun  3 21:27:35 PDT 2014; root:xnu-2422.110.17~1/RELEASE_X86_64

/usr/bin/uname -p = i386
/bin/uname -X     = unknown

/bin/arch              = unknown
/usr/bin/arch -k       = unknown
/usr/convex/getsysinfo = unknown
/usr/bin/hostinfo      = Mach kernel version:
	 Darwin Kernel Version 13.3.0: Tue Jun  3 21:27:35 PDT 2014; root:xnu-2422.110.17~1/RELEASE_X86_64
Kernel configured for up to 8 processors.
4 processors are physically available.
8 processors are logically available.
Processor type: i486 (Intel 80486)
Processors active: 0 1 2 3 4 5 6 7
Primary memory available: 16.00 gigabytes
Default processor set: 184 tasks, 1063 threads, 8 processors
Load average: 1.03, Mach factor: 6.96
/bin/machine           = unknown
/usr/bin/oslevel       = unknown
/bin/universe          = unknown

PATH: /opt/local/bin
PATH: /opt/local/sbin
PATH: /usr/bin
PATH: /bin
PATH: /usr/sbin
PATH: /sbin
PATH: /usr/local/bin
PATH: /opt/X11/bin
PATH: /usr/local/git/bin


## ----------- ##
## Core tests. ##
## ----------- ##

configure:1762: pre-processing user CFLAGS...
configure:1764: got   CFLAGS=""
configure:1766: got CPPFLAGS=""
configure:1825: setting distributed CFLAGS...
configure:1827: set       CPPFLAGS=""
configure:1829: set EXTRA_CPPFLAGS=""
configure:1831: set         CFLAGS=""
configure:1857: checking for a BSD-compatible install
configure:1913: result: /usr/bin/install -c
configure:1924: checking whether build environment is sane
configure:1967: result: yes
configure:2032: checking for gawk
configure:2062: result: no
configure:2032: checking for mawk
configure:2062: result: no
configure:2032: checking for nawk
configure:2062: result: no
configure:2032: checking for awk
configure:2048: found /usr/bin/awk
configure:2059: result: awk
configure:2070: checking whether make sets $(MAKE)
configure:2091: result: yes
configure:2281: checking whether to enable maintainer-specific portions of Makefiles
configure:2290: result: no
configure:2322: checking for style of include used by make
configure:2350: result: GNU
configure:2430: checking for gcc
configure:2446: found /usr/bin/gcc
configure:2457: result: gcc
configure:2695: checking for C compiler version
configure:2702: gcc --version >&5
Configured with: --prefix=/Applications/Xcode.app/Contents/Developer/usr --with-gxx-include-dir=/usr/include/c++/4.2.1
Apple LLVM version 5.1 (clang-503.0.40) (based on LLVM 3.4svn)
Target: x86_64-apple-darwin13.3.0
Thread model: posix
configure:2705: $? = 0
configure:2712: gcc -v >&5
Configured with: --prefix=/Applications/Xcode.app/Contents/Developer/usr --with-gxx-include-dir=/usr/include/c++/4.2.1
Apple LLVM version 5.1 (clang-503.0.40) (based on LLVM 3.4svn)
Target: x86_64-apple-darwin13.3.0
Thread model: posix
configure:2715: $? = 0
configure:2722: gcc -V >&5
clang: error: argument to '-V' is missing (expected 1 value)
clang: error: no input files
configure:2725: $? = 1
configure:2748: checking for C compiler default output file name
configure:2775: gcc    conftest.c  >&5
configure:2778: $? = 0
configure:2816: result: a.out
configure:2833: checking whether the C compiler works
configure:2843: ./a.out
configure:2846: $? = 0
configure:2863: result: yes
configure:2870: checking whether we are cross compiling
configure:2872: result: no
configure:2875: checking for suffix of executables
configure:2882: gcc -o conftest    conftest.c  >&5
configure:2885: $? = 0
configure:2909: result: 
configure:2915: checking for suffix of object files
configure:2941: gcc -c   conftest.c >&5
configure:2944: $? = 0
configure:2967: result: o
configure:2971: checking whether we are using the GNU C compiler
configure:3000: gcc -c   conftest.c >&5
configure:3006: $? = 0
configure:3023: result: yes
configure:3028: checking whether gcc accepts -g
configure:3058: gcc -c -g  conftest.c >&5
configure:3064: $? = 0
configure:3163: result: yes
configure:3180: checking for gcc option to accept ISO C89
configure:3254: gcc  -c   conftest.c >&5
configure:3260: $? = 0
configure:3283: result: none needed
configure:3303: checking dependency style of gcc
configure:3393: result: gcc3
configure:3423: checking for a BSD-compatible install
configure:3479: result: /usr/bin/install -c
configure:3490: checking whether ln -s works
configure:3494: result: yes
configure:3523: checking how to hack automake EXEEXT conventions
configure:3532: result: automake v1.9: on build
configure:3599: checking whether to build single-object externals
configure:3612: result: no
configure:3635: checking for m_pd.h
configure:3656: gcc -c    conftest.c >&5
conftest.c:12:10: fatal error: 'm_pd.h' file not found
#include <m_pd.h>
         ^
1 error generated.
configure:3662: $? = 1
configure: failed program was:
| /* confdefs.h.  */
| #define PACKAGE_NAME "pdstring"
| #define PACKAGE_TARNAME "pdstring"
| #define PACKAGE_VERSION "0.10-2"
| #define PACKAGE_STRING "pdstring 0.10-2"
| #define PACKAGE_BUGREPORT "moocow@ling.uni-potsdam.de"
| #define PACKAGE "pdstring"
| #define VERSION "0.10-2"
| /* end confdefs.h.  */
| /* nonempty includes: compile only */
| 
| #include <m_pd.h>
configure:3677: result: no
configure:3682: error: could not find Pd header file 'm_pd.h' - bailing out

## ---------------- ##
## Cache variables. ##
## ---------------- ##

ac_cv_c_compiler_gnu=yes
ac_cv_env_CC_set=
ac_cv_env_CC_value=
ac_cv_env_CFLAGS_set=
ac_cv_env_CFLAGS_value=
ac_cv_env_CPPFLAGS_set=
ac_cv_env_CPPFLAGS_value=
ac_cv_env_LDFLAGS_set=
ac_cv_env_LDFLAGS_value=
ac_cv_env_LIBS_set=
ac_cv_env_LIBS_value=
ac_cv_env_build_alias_set=
ac_cv_env_build_alias_value=
ac_cv_env_host_alias_set=
ac_cv_env_host_alias_value=
ac_cv_env_target_alias_set=
ac_cv_env_target_alias_value=
ac_cv_header_m_pd_h=no
ac_cv_objext=o
ac_cv_path_install='/usr/bin/install -c'
ac_cv_prog_AWK=awk
ac_cv_prog_ac_ct_CC=gcc
ac_cv_prog_cc_c89=
ac_cv_prog_cc_g=yes
ac_cv_prog_make_make_set=yes
am_cv_CC_dependencies_compiler_type=gcc3

## ----------------- ##
## Output variables. ##
## ----------------- ##

ACLOCAL='${SHELL} /Users/yulilevtov/workspace/human-harp/human-harp-sound/pd/libs/pdstring/config/missing --run aclocal-1.9'
AMDEPBACKSLASH='\'
AMDEP_FALSE='#'
AMDEP_TRUE=''
AMTAR='${SHELL} /Users/yulilevtov/workspace/human-harp/human-harp-sound/pd/libs/pdstring/config/missing --run tar'
AUTOCONF='${SHELL} /Users/yulilevtov/workspace/human-harp/human-harp-sound/pd/libs/pdstring/config/missing --run autoconf'
AUTOHEADER='${SHELL} /Users/yulilevtov/workspace/human-harp/human-harp-sound/pd/libs/pdstring/config/missing --run autoheader'
AUTOMAKE='${SHELL} /Users/yulilevtov/workspace/human-harp/human-harp-sound/pd/libs/pdstring/config/missing --run automake-1.9'
AWK='awk'
BUGREPORT=''
CC='gcc'
CCDEPMODE='depmode=gcc3'
CFLAGS=''
CPPFLAGS=' '
CYGPATH_W='echo'
DEFS=''
DEPDIR='.deps'
ECHO_C='ECHO_N=''
ECHO_T=''
ENABLE_DEBUG=''
EXEEXT=''
EXTRA_CPPFLAGS=''
INSTALL_DATA='${INSTALL} -m 644'
INSTALL_PROGRAM='${INSTALL}'
INSTALL_SCRIPT='${INSTALL}'
INSTALL_STRIP_PROGRAM='${SHELL} $(install_sh) -c -s'
LD=''
LDFLAGS=''
LIBOBJS=''
LIBS=''
LN_S='ln -s'
LTLIBOBJS=''
MAINT='#'
MAINTAINER_MODE_FALSE=''
MAINTAINER_MODE_TRUE='#'
MAKEINFO='${SHELL} /Users/yulilevtov/workspace/human-harp/human-harp-sound/pd/libs/pdstring/config/missing --run makeinfo'
OBJEXT='o'
PACKAGE='pdstring'
PACKAGE_BUGREPORT='moocow@ling.uni-potsdam.de'
PACKAGE_NAME='pdstring'
PACKAGE_STRING='pdstring 0.10-2'
PACKAGE_TARNAME='pdstring'
PACKAGE_VERSION='0.10-2'
PATH_SEPARATOR=':'
PDEXT=''
PDEXT_AFLAGS=''
PDEXT_DFLAGS=''
PDEXT_IFLAGS=''
PDEXT_LFLAGS=''
PDEXT_OFLAGS=''
PDEXT_WFLAGS=''
SET_MAKE=''
SHELL='/bin/sh'
STRIP=''
VERSION='0.10-2'
WANT_OBJECT_EXTERNALS_FALSE=''
WANT_OBJECT_EXTERNALS_TRUE='#'
ac_ct_CC='gcc'
am__fastdepCC_FALSE='#'
am__fastdepCC_TRUE=''
am__include='include'
am__leading_dot='.'
am__quote=''
am__tar='${AMTAR} chof - "$$tardir"'
am__untar='${AMTAR} xf -'
bindir='${exec_prefix}/bin'
build_alias=''
datadir='${datarootdir}'
datarootdir='${prefix}/share'
docdir='${datarootdir}/doc/${PACKAGE_TARNAME}'
dvidir='${docdir}'
exec_prefix='NONE'
host_alias=''
htmldir='${docdir}'
includedir='${prefix}/include'
infodir='${datarootdir}/info'
install_sh='/Users/yulilevtov/workspace/human-harp/human-harp-sound/pd/libs/pdstring/config/install-sh'
libdir='${exec_prefix}/lib'
libexecdir='${exec_prefix}/libexec'
localedir='${datarootdir}/locale'
localstatedir='${prefix}/var'
mandir='${datarootdir}/man'
mkdir_p='$(install_sh) -d'
oldincludedir='/usr/include'
pd_buildext='$(EXEEXT)'
pddir='${prefix}/pd'
pddocdir='${prefix}/pd/doc/5.reference'
pdexecdir='${prefix}/pd/externs'
pdextdir='${prefix}/pd/externs'
pdexternsdir='${prefix}/pd/externs'
pdfdir='${docdir}'
pdincludedir=''
prefix='NONE'
program_transform_name='s,x,x,'
psdir='${docdir}'
sbindir='${exec_prefix}/sbin'
sharedstatedir='${prefix}/com'
sysconfdir='${prefix}/etc'
target_alias=''

## ----------- ##
## confdefs.h. ##
## ----------- ##

#define PACKAGE_NAME "pdstring"
#define PACKAGE_TARNAME "pdstring"
#define PACKAGE_VERSION "0.10-2"
#define PACKAGE_STRING "pdstring 0.10-2"
#define PACKAGE_BUGREPORT "moocow@ling.uni-potsdam.de"
#define PACKAGE "pdstring"
#define VERSION "0.10-2"

configure: exit 1
